0 info it worked if it ends with ok
1 verbose cli [ 'C:\\Program Files (x86)\\nodejs\\node.exe',
1 verbose cli   'C:\\Program Files (x86)\\nodejs\\node_modules\\npm\\bin\\npm-cli.js',
1 verbose cli   'install',
1 verbose cli   '--save',
1 verbose cli   'angular-ui-calendar' ]
2 info using npm@2.10.1
3 info using node@v0.12.4
4 verbose install initial load of C:\apps\myapp\package.json
5 warn package.json myapp@1.0.0 No repository field.
6 warn package.json myapp@1.0.0 No README data
7 warn package.json myapp@1.0.0 No license field.
8 verbose installManyTop reading scoped package data from C:\apps\myapp\node_modules\angular-bootstrap-calendar\package.json
9 info package.json angular-bootstrap-calendar@0.11.2 No license field.
10 verbose readDependencies loading dependencies from C:\apps\myapp\package.json
11 silly cache add args [ 'angular-ui-calendar', null ]
12 verbose cache add spec angular-ui-calendar
13 silly cache add parsed spec { raw: 'angular-ui-calendar',
13 silly cache add   scope: null,
13 silly cache add   name: 'angular-ui-calendar',
13 silly cache add   rawSpec: '',
13 silly cache add   spec: '*',
13 silly cache add   type: 'range' }
14 silly addNamed angular-ui-calendar@*
15 verbose addNamed "*" is a valid semver range for angular-ui-calendar
16 silly addNameRange { name: 'angular-ui-calendar', range: '*', hasData: false }
17 silly mapToRegistry name angular-ui-calendar
18 silly mapToRegistry using default registry
19 silly mapToRegistry registry https://registry.npmjs.org/
20 silly mapToRegistry uri https://registry.npmjs.org/angular-ui-calendar
21 verbose addNameRange registry:https://registry.npmjs.org/angular-ui-calendar not in flight; fetching
22 verbose request uri https://registry.npmjs.org/angular-ui-calendar
23 verbose request no auth needed
24 info attempt registry request try #1 at 5:04:10 PM
25 verbose request id 462d4d366bcde841
26 http request GET https://registry.npmjs.org/angular-ui-calendar
27 http 404 https://registry.npmjs.org/angular-ui-calendar
28 verbose headers { server: 'CouchDB/1.5.0 (Erlang OTP/R16B03)',
28 verbose headers   'content-type': 'application/json',
28 verbose headers   'cache-control': 'max-age=0',
28 verbose headers   'content-length': '51',
28 verbose headers   'accept-ranges': 'bytes',
28 verbose headers   date: 'Wed, 10 Jun 2015 07:06:03 GMT',
28 verbose headers   via: '1.1 varnish',
28 verbose headers   age: '0',
28 verbose headers   connection: 'keep-alive',
28 verbose headers   'x-served-by': 'cache-mel6520-MEL',
28 verbose headers   'x-cache': 'MISS',
28 verbose headers   'x-cache-hits': '0',
28 verbose headers   'x-timer': 'S1433919962.506982,VS0,VE955' }
29 silly get cb [ 404,
29 silly get   { server: 'CouchDB/1.5.0 (Erlang OTP/R16B03)',
29 silly get     'content-type': 'application/json',
29 silly get     'cache-control': 'max-age=0',
29 silly get     'content-length': '51',
29 silly get     'accept-ranges': 'bytes',
29 silly get     date: 'Wed, 10 Jun 2015 07:06:03 GMT',
29 silly get     via: '1.1 varnish',
29 silly get     age: '0',
29 silly get     connection: 'keep-alive',
29 silly get     'x-served-by': 'cache-mel6520-MEL',
29 silly get     'x-cache': 'MISS',
29 silly get     'x-cache-hits': '0',
29 silly get     'x-timer': 'S1433919962.506982,VS0,VE955' } ]
30 verbose stack Error: 404 Not Found: angular-ui-calendar
30 verbose stack     at CachingRegistryClient.<anonymous> (C:\Program Files (x86)\nodejs\node_modules\npm\node_modules\npm-registry-client\lib\request.js:245:14)
30 verbose stack     at Request._callback (C:\Program Files (x86)\nodejs\node_modules\npm\node_modules\npm-registry-client\lib\request.js:170:14)
30 verbose stack     at Request.self.callback (C:\Program Files (x86)\nodejs\node_modules\npm\node_modules\request\request.js:368:22)
30 verbose stack     at Request.emit (events.js:110:17)
30 verbose stack     at Request.<anonymous> (C:\Program Files (x86)\nodejs\node_modules\npm\node_modules\request\request.js:1219:14)
30 verbose stack     at Request.emit (events.js:129:20)
30 verbose stack     at IncomingMessage.<anonymous> (C:\Program Files (x86)\nodejs\node_modules\npm\node_modules\request\request.js:1167:12)
30 verbose stack     at IncomingMessage.emit (events.js:129:20)
30 verbose stack     at _stream_readable.js:908:16
30 verbose stack     at process._tickCallback (node.js:355:11)
31 verbose statusCode 404
32 verbose pkgid angular-ui-calendar
33 verbose cwd C:\apps\myapp
34 error Windows_NT 6.1.7601
35 error argv "C:\\Program Files (x86)\\nodejs\\node.exe" "C:\\Program Files (x86)\\nodejs\\node_modules\\npm\\bin\\npm-cli.js" "install" "--save" "angular-ui-calendar"
36 error node v0.12.4
37 error npm  v2.10.1
38 error code E404
39 error 404 Not Found: angular-ui-calendar
39 error 404
39 error 404 'angular-ui-calendar' is not in the npm registry.
39 error 404 You should bug the author to publish it (or use the name yourself!)
39 error 404 It was specified as a dependency of 'myapp'
39 error 404
39 error 404 Note that you can also install from a
39 error 404 tarball, folder, http url, or git url.
40 verbose exit [ 1, true ]
